<?xml version="1.0" encoding="UTF-8"?>
<testsuite xmlns:xsi="http://www.w3.org/2001/XMLSchema-instance" xsi:noNamespaceSchemaLocation="https://maven.apache.org/surefire/maven-surefire-plugin/xsd/surefire-test-report.xsd" name="ex4.TestHashTable" time="0.011" tests="5" errors="0" skipped="0" failures="0">
  <properties>
[...]
</properties>
  <testcase name="get" classname="ex4.TestHashTable" time="0"/>
  <testcase name="put" classname="ex4.TestHashTable" time="0.008"/>
  <testcase name="drop" classname="ex4.TestHashTable" time="0"/>
  <testcase name="size" classname="ex4.TestHashTable" time="0.001"/>
  <testcase name="count" classname="ex4.TestHashTable" time="0"/>
</testsuite>