<?xml version="1.0" encoding="UTF-8"?>
<testsuite xmlns:xsi="http://www.w3.org/2001/XMLSchema-instance" xsi:noNamespaceSchemaLocation="https://maven.apache.org/surefire/maven-surefire-plugin/xsd/surefire-test-report.xsd" name="ex3.TestHashTable" time="0.01" tests="21" errors="0" skipped="0" failures="0">
  <properties>
[...]
</properties>
  <testcase name="putOneElementCollisionThirdUpdateInNoVoidTable7" classname="ex3.TestHashTable" time="0"/>
  <testcase name="putOneElementCollisionSecondUpdateInNoVoidTable6" classname="ex3.TestHashTable" time="0"/>
  <testcase name="getOneElementWith3CollisionsWithoutExistence7" classname="ex3.TestHashTable" time="0"/>
  <testcase name="dropOneElementFirstCollision2" classname="ex3.TestHashTable" time="0"/>
  <testcase name="dropOneElementWith3CollisionsWithoutExistence7" classname="ex3.TestHashTable" time="0"/>
  <testcase name="getOneElementCollisionSecond3" classname="ex3.TestHashTable" time="0"/>
  <testcase name="getOneElementCollisionFirst2" classname="ex3.TestHashTable" time="0"/>
  <testcase name="dropOneElement1" classname="ex3.TestHashTable" time="0"/>
  <testcase name="getOneElementCollisionThird4" classname="ex3.TestHashTable" time="0"/>
  <testcase name="putOneElementInNoVoidTable2" classname="ex3.TestHashTable" time="0"/>
  <testcase name="putOneElementCollisionSecondInNoVoidTable3" classname="ex3.TestHashTable" time="0"/>
  <testcase name="dropOneElementThirdCollision4" classname="ex3.TestHashTable" time="0.001"/>
  <testcase name="putOneElementUpdateInNoVoidTable5" classname="ex3.TestHashTable" time="0"/>
  <testcase name="putOneElementInVoidTable1" classname="ex3.TestHashTable" time="0.001"/>
  <testcase name="getOneElementWithoutExistence5" classname="ex3.TestHashTable" time="0"/>
  <testcase name="getOneElementCollisionFirst1InVoidTable" classname="ex3.TestHashTable" time="0"/>
  <testcase name="dropOneElementWithoutExistence5" classname="ex3.TestHashTable" time="0"/>
  <testcase name="getOneElementCollisionWithoutExistence6" classname="ex3.TestHashTable" time="0"/>
  <testcase name="dropOneElementSecondCollision3" classname="ex3.TestHashTable" time="0.001"/>
  <testcase name="dropOneElementCollisionWithoutExistence6" classname="ex3.TestHashTable" time="0.001"/>
  <testcase name="putOneElementCollisionThirdInNoVoidTable4" classname="ex3.TestHashTable" time="0"/>
</testsuite>